
ROM used:   37/1024 (4%)
            37/1024 (4%) including unused fragments

            0.1 Average locations per line
            3.4 Average locations per statement

RAM used:   4/68 (6%) at main() level
            5/68 (7%) worst case

Stack used: 0 worst case (0 in main + 0 for interrupts)
Stack size: 8

Lines Stmts  %   Files
----- ----- ---  -----
   29    11 100  7_segment_display.c
    7     0   0  7_segment_display.h
  404     0   0  ..\..\..\..\..\..\Program Files (x86)\PICC\Devices\16F84A.h
----- -----
  440    11 Total

Page ROM  %  RAM   Vol Diff  Functions:
---- --- --- ---   --- ----  ----------
0     33  89    0   195  3.1  main
 Inline         0             @cinit1

Program metrics:
    Functions               1
    Statements              11
    Comments                74
    Volume (V)              197
    Difficulty (D)          3.0
    Effort to implement (E) 591
    Time to implement (T)   1 minutes
    Est Delivered Bugs (B)  0
    Cyclomatic Complexity   1
    Maintainability (MI)    139

 Segment     Used  Free
-----------  ----  ----
00000-00003     4  0  
00004-003FF    33  987  



