
ROM used:   51/1024 (5%)
            51/1024 (5%) including unused fragments

            0.1 Average locations per line
            3.6 Average locations per statement

RAM used:   5/68 (7%) at main() level
            6/68 (9%) worst case

Stack used: 1 worst case (1 in main + 0 for interrupts)
Stack size: 8

Lines Stmts  %   Files
----- ----- ---  -----
   23    14 100  Lesson1.c
    5     0   0  Lesson1.h
  404     0   0  ..\..\..\..\..\..\Program Files (x86)\PICC\Devices\16F84A.h
----- -----
  432    14 Total

Page ROM  %  RAM   Vol Diff  Functions:
---- --- --- ---   --- ----  ----------
0     20  39    1             @delay_ms1
0     27  53    1   270  2.8  main
 Inline         0             @cinit1

Program metrics:
    Functions               1
    Statements              14
    Comments                69
    Volume (V)              275
    Difficulty (D)          2.6
    Effort to implement (E) 706
    Time to implement (T)   1 minutes
    Est Delivered Bugs (B)  0
    Cyclomatic Complexity   1
    Maintainability (MI)    114

 Segment     Used  Free
-----------  ----  ----
00000-00003     4  0  
00004-003FF    47  973  



