
ROM used:   491/1024 (48%)
            491/1024 (48%) including unused fragments

            0.4 Average locations per line
            2.0 Average locations per statement

RAM used:   6/68 (9%) at main() level
            41/68 (60%) worst case

Stack used: 4 worst case (4 in main + 0 for interrupts)
Stack size: 8

Lines Stmts  %   Files
----- ----- ---  -----
   39    24  10  Lcd Interfacing.c
   16     0   0  Lcd Interfacing.h
  404     0   0  ..\..\..\..\..\..\Program Files (x86)\PICC\Devices\16F84A.h
  423   125  50  ..\..\..\..\..\..\Program Files (x86)\PICC\Drivers\string.h
   32     0   0  ..\..\..\..\..\..\Program Files (x86)\PICC\Drivers\stddef.h
   28     0   0  ..\..\..\..\..\..\Program Files (x86)\PICC\Drivers\ctype.h
  456   100  40  ..\..\..\..\..\..\Program Files (x86)\PICC\Drivers\lcd.c
----- -----
 1398   249 Total

Page ROM  %  RAM   Vol Diff  Functions:
---- --- --- ---   --- ----  ----------
0     13   3    3   129  4.6  strlen
0     20   4    1             @delay_ms1
 Inline         3   760  4.5  lcd_read_byte
0     49  10    2   262  3.7  lcd_read_nibble
0     43   9    1   399  2.4  lcd_send_nibble
0     92  19    3   415  3.7  lcd_send_byte
0     67  14    6   852  6.2  lcd_init
0     18   4    4   208  6.3  lcd_gotoxy
0     44   9    1   354  4.7  lcd_putc
0    141  29    1   798  5.3  MAIN
 Inline         0             @cinit1

Program metrics:
    Functions               9
    Statements              249
    Comments                315
    Volume (V)              6385
    Difficulty (D)          40.9
    Effort to implement (E) 261029
    Time to implement (T)   4 hours, 2 minutes
    Est Delivered Bugs (B)  1
    Cyclomatic Complexity   11
    Maintainability (MI)    96

 Segment     Used  Free
-----------  ----  ----
00000-00003     4  0  
00004-003FF   487  533  



